sample/release/mapping.txt
# compiler: R8
# compiler_version: 1.5.68
# min_api: 16
# pg_map_id: 6dd09d2
xcrash.sample.MainActivity -> xcrash.sample.MainActivity:
    1:1:void <init>():32:32 -> <init>
    1:2:void onCreate(android.os.Bundle):36:37 -> onCreate
    1:1:void testAnrInput_onClick(android.view.View):83:83 -> testAnrInput_onClick
    1:1:void testJavaCrashInAnotherActivity_onClick(android.view.View):74:74 -> testJavaCrashInAnotherActivity_onClick
    1:1:void testJavaCrashInAnotherProcess_onClick(android.view.View):78:78 -> testJavaCrashInAnotherProcess_onClick
    1:1:void testJavaCrashInAnotherThread_onClick(android.view.View):70:70 -> testJavaCrashInAnotherThread_onClick
    1:1:void testJavaCrashInMainThread_onClick(android.view.View):66:66 -> testJavaCrashInMainThread_onClick
    1:1:void testNativeCrashInAnotherActivity_onClick(android.view.View):58:58 -> testNativeCrashInAnotherActivity_onClick
    1:1:void testNativeCrashInAnotherJavaThread_onClick(android.view.View):45:45 -> testNativeCrashInAnotherJavaThread_onClick
    2:2:void testNativeCrashInAnotherJavaThread_onClick(android.view.View):50:50 -> testNativeCrashInAnotherJavaThread_onClick
    1:1:void testNativeCrashInAnotherNativeThread_onClick(android.view.View):54:54 -> testNativeCrashInAnotherNativeThread_onClick
    1:1:void testNativeCrashInAnotherProcess_onClick(android.view.View):62:62 -> testNativeCrashInAnotherProcess_onClick
    1:1:void testNativeCrashInMainThread_onClick(android.view.View):41:41 -> testNativeCrashInMainThread_onClick
xcrash.sample.MainActivity$1 -> xcrash.sample.MainActivity$a:
    1:1:void <init>(xcrash.sample.MainActivity):45:45 -> <init>
    1:1:void run():48:48 -> run
xcrash.sample.MyCustomApplication -> xcrash.sample.MyCustomApplication:
    1:1:void <init>():39:39 -> <init>
    1:1:void access$000(xcrash.sample.MyCustomApplication,java.lang.String,java.lang.String):39:39 -> a
    2:5:void debug(java.lang.String,java.lang.String):127:130 -> a
    6:6:void debug(java.lang.String,java.lang.String):136:136 -> a
    7:7:void debug(java.lang.String,java.lang.String):132:132 -> a
    8:8:void debug(java.lang.String,java.lang.String):136:136 -> a
    9:9:void debug(java.lang.String,java.lang.String):140:140 -> a
    1:1:void attachBaseContext(android.content.Context):44:44 -> attachBaseContext
    2:2:void attachBaseContext(android.content.Context):47:47 -> attachBaseContext
    3:3:void attachBaseContext(android.content.Context):72:72 -> attachBaseContext
    4:21:void attachBaseContext(android.content.Context):75:92 -> attachBaseContext
    22:22:void attachBaseContext(android.content.Context):75:75 -> attachBaseContext
    23:23:void attachBaseContext(android.content.Context):94:94 -> attachBaseContext
    24:24:void attachBaseContext(android.content.Context):97:97 -> attachBaseContext
    25:25:void attachBaseContext(android.content.Context):104:104 -> attachBaseContext
    void sendThenDeleteCrashLog(java.lang.String,java.lang.String) -> b
    1:1:void access$100(xcrash.sample.MyCustomApplication,java.lang.String,java.lang.String):39:39 -> b
xcrash.sample.MyCustomApplication$1 -> xcrash.sample.MyCustomApplication$a:
    xcrash.sample.MyCustomApplication this$0 -> a
    1:1:void <init>(xcrash.sample.MyCustomApplication):47:47 -> <init>
    1:1:void onCrash(java.lang.String,java.lang.String):50:50 -> a
    2:2:void onCrash(java.lang.String,java.lang.String):53:53 -> a
    3:3:void onCrash(java.lang.String,java.lang.String):56:56 -> a
    4:5:void onCrash(java.lang.String,java.lang.String):61:62 -> a
    6:6:void onCrash(java.lang.String,java.lang.String):67:67 -> a
xcrash.sample.MyCustomApplication$2 -> xcrash.sample.MyCustomApplication$b:
    xcrash.sample.MyCustomApplication this$0 -> a
    1:1:void <init>(xcrash.sample.MyCustomApplication):97:97 -> <init>
    1:2:void run():100:101 -> run
...
androidx.appcompat.widget.SearchView$2 -> androidx.appcompat.widget.SearchView$2:
    1:1:void <init>(androidx.appcompat.widget.SearchView):185:185 -> <init>
    1:2:void run():188:189 -> run
androidx.appcompat.widget.SearchView$3 -> androidx.appcompat.widget.SearchView$3:
    1:1:void <init>(androidx.appcompat.widget.SearchView):331:331 -> <init>
    1:2:void onFocusChange(android.view.View,boolean):334:335 -> onFocusChange
androidx.appcompat.widget.SearchView$4 -> androidx.appcompat.widget.SearchView$4:
    1:1:void <init>(androidx.appcompat.widget.SearchView):376:376 -> <init>
    1:1:void onLayoutChange(android.view.View,int,int,int,int,int,int,int,int):380:380 -> onLayoutChange
androidx.appcompat.widget.SearchView$5 -> androidx.appcompat.widget.SearchView$5:
    1:1:void <init>(androidx.appcompat.widget.SearchView):976:976 -> <init>
    1:10:void onClick(android.view.View):979:988 -> onClick
androidx.appcompat.widget.SearchView$6 -> androidx.appcompat.widget.SearchView$6:
    1:1:void <init>(androidx.appcompat.widget.SearchView):998:998 -> <init>
    1:1:boolean onKey(android.view.View,int,android.view.KeyEvent):1002:1002 -> onKey
    2:4:boolean onKey(android.view.View,int,android.view.KeyEvent):1013:1015 -> onKey
    5:6:boolean onKey(android.view.View,int,android.view.KeyEvent):1020:1021 -> onKey
    7:7:boolean onKey(android.view.View,int,android.view.KeyEvent):1023:1023 -> onKey
    8:9:boolean onKey(android.view.View,int,android.view.KeyEvent):1026:1027 -> onKey
    10:10:boolean onKey(android.view.View,int,android.view.KeyEvent):1026:1026 -> onKey
androidx.appcompat.widget.SearchView$7 -> androidx.appcompat.widget.SearchView$7:
    1:1:void <init>(androidx.appcompat.widget.SearchView):1161:1161 -> <init>
    1:1:boolean onEditorAction(android.widget.TextView,int,android.view.KeyEvent):1168:1168 -> onEditorAction
androidx.appcompat.widget.SearchView$8 -> androidx.appcompat.widget.SearchView$8:
    1:1:void <init>(androidx.appcompat.widget.SearchView):1407:1407 -> <init>
    1:1:void onItemClick(android.widget.AdapterView,android.view.View,int,long):1415:1415 -> onItemClick
androidx.appcompat.widget.SearchView$9 -> androidx.appcompat.widget.SearchView$9:
    1:1:void <init>(androidx.appcompat.widget.SearchView):1419:1419 -> <init>
    1:1:void onItemSelected(android.widget.AdapterView,android.view.View,int,long):1427:1427 -> onItemSelected
androidx.appcompat.widget.SearchView$AutoCompleteTextViewReflector -> androidx.appcompat.widget.SearchView$AutoCompleteTextViewReflector:
    1:1:void <init>():2029:2029 -> <init>
    2:4:void <init>():2031:2033 -> <init>
    5:7:void <init>():2038:2040 -> <init>
    8:10:void <init>():2045:2047 -> <init>
    1:1:void doAfterTextChanged(android.widget.AutoCompleteTextView):2063:2063 -> doAfterTextChanged
    2:2:void doAfterTextChanged(android.widget.AutoCompleteTextView):2065:2065 -> doAfterTextChanged
    1:1:void doBeforeTextChanged(android.widget.AutoCompleteTextView):2054:2054 -> doBeforeTextChanged
    2:2:void doBeforeTextChanged(android.widget.AutoCompleteTextView):2056:2056 -> doBeforeTextChanged
    1:1:void ensureImeVisible(android.widget.AutoCompleteTextView,boolean):2072:2072 -> ensureImeVisible
    2:2:void ensureImeVisible(android.widget.AutoCompleteTextView,boolean):2074:2074 -> ensureImeVisible
androidx.appcompat.widget.SearchView$SavedState -> androidx.appcompat.widget.SearchView$SavedState:
    1:1:void <clinit>():1325:1325 -> <clinit>
    1:1:void <init>(android.os.Parcelable):1304:1304 -> <init>
    2:3:void <init>(android.os.Parcel,java.lang.ClassLoader):1308:1309 -> <init>
    1:2:java.lang.String toString():1320:1321 -> toString
    1:2:void writeToParcel(android.os.Parcel,int):1314:1315 -> writeToParcel